=== PERFORMANCE TESTING STARTED AT Mon Sep 22 20:21:36 PDT 2025 ===
Testing on TPCH_SF100.LINEITEM dataset (600M rows, 16.6GB)

Test 1: WITH PUSHDOWN - Equality Filter
Query: SELECT COUNT(*) FROM LINEITEM WHERE L_ORDERKEY = 1
Starting at Mon Sep 22 20:21:36 PDT 2025

real	0m1.766s
user	0m0.567s
sys	0m0.105s
Completed at Mon Sep 22 20:21:38 PDT 2025

Test 2: WITH PUSHDOWN - Range Filter
Query: SELECT COUNT(*) FROM LINEITEM WHERE L_ORDERKEY BETWEEN 1 AND 100
Starting at Mon Sep 22 20:21:38 PDT 2025

real	0m2.868s
user	0m1.961s
sys	0m0.065s
Completed at Mon Sep 22 20:21:41 PDT 2025

Test 3: WITH PUSHDOWN - IN Filter
Query: SELECT COUNT(*) FROM LINEITEM WHERE L_ORDERKEY IN (1, 2, 3, 4, 5)
Starting at Mon Sep 22 20:21:41 PDT 2025

real	0m2.294s
user	0m1.609s
sys	0m0.076s
Completed at Mon Sep 22 20:21:43 PDT 2025

Test 4: WITH PUSHDOWN - Projection
Query: SELECT L_ORDERKEY, L_PARTKEY, L_SUPPKEY FROM LINEITEM WHERE L_ORDERKEY = 1
Starting at Mon Sep 22 20:21:43 PDT 2025

real	0m1.846s
user	0m1.031s
sys	0m0.059s
Completed at Mon Sep 22 20:21:45 PDT 2025

=== TESTING WITHOUT PUSHDOWN ===
Pushdown disabled via SNOWFLAKE_DISABLE_PUSHDOWN=true

Test 5: WITHOUT PUSHDOWN - Equality Filter
Query: SELECT COUNT(*) FROM LINEITEM WHERE L_ORDERKEY = 1
Starting at Mon Sep 22 20:21:45 PDT 2025
